2023-11-05 17:45:25 info: Response - Status: 200 - GET: /api/logs
2023-11-05 17:46:05 info: Response - Status: 200 - GET: /api/films
2023-11-05 17:46:09 info: Response - Status: 200 - GET: /api/logs
2023-11-05 17:46:18 info: Response - Status: 200 - GET: /api/logs
2023-11-05 17:46:36 info: Response - Status: 200 - GET: /api/actors
2023-11-05 17:46:40 info: Response - Status: 200 - GET: /api/logs
2023-11-05 17:46:46 info: Response - Status: 200 - GET: /api/logs
2023-11-05 17:49:32 info: Response - Status: 200 - GET: /api/logs
2023-11-05 18:03:50 info: Response - Status: 200 - GET: /api/logs
2023-11-05 18:05:33 info: Response - Status: 200 - GET: /api/films
2023-11-05 18:05:46 error: Response - Status: 404 - GET: /api/categories
2023-11-05 18:06:01 info: Response - Status: 200 - GET: /api/actors
2023-11-05 18:06:05 info: Response - Status: 200 - GET: /api/logs
2023-11-05 18:06:54 info: Response - Status: 200 - GET: /api/films/2
2023-11-05 18:06:59 info: Response - Status: 200 - GET: /api/logs
2023-11-05 18:09:11 info: Response - Status: 200 - GET: /api/films
2023-11-05 18:09:14 info: Response - Status: 200 - GET: /api/logs
2023-11-05 18:09:20 info: Response - Status: 200 - GET: /api/films/2
2023-11-05 18:09:40 info: Response - Status: 200 - GET: /api/actors
2023-11-05 18:09:43 info: Response - Status: 200 - GET: /api/logs
2023-11-05 18:09:48 info: Response - Status: 200 - GET: /api/logs
2023-11-05 18:09:58 info: Response - Status: 200 - GET: /api/films
2023-11-05 18:10:00 info: Response - Status: 200 - GET: /api/logs
2023-11-05 18:10:05 info: Response - Status: 200 - GET: /api/logs
2023-11-05 18:10:11 info: Response - Status: 200 - GET: /api/films
2023-11-05 18:10:16 info: Response - Status: 200 - GET: /api/actors
2023-11-05 18:10:21 info: Response - Status: 200 - GET: /api/logs
2023-11-05 18:14:52 info: Response - Status: 200 - GET: /api/actors
2023-11-05 18:14:56 info: Response - Status: 200 - GET: /api/films/2
2023-11-05 18:14:59 info: Response - Status: 200 - GET: /api/films
2023-11-05 18:15:20 info: Response - Status: 200 - GET: /api/logs
2023-11-05 18:15:52 info: Response - Status: 200 - GET: /api/actors
2023-11-05 18:15:55 info: Response - Status: 200 - GET: /api/films/2
2023-11-05 18:18:31 info: Response - Status: 200 - GET: /api/logs
2023-11-05 18:18:34 info: Response - Status: 200 - GET: /api/actors
2023-11-05 18:18:36 info: Response - Status: 200 - GET: /api/logs
2023-11-05 18:18:44 info: Response - Status: 200 - GET: /api/films
2023-11-05 18:18:46 info: Response - Status: 200 - GET: /api/logs
2023-11-05 18:44:32 info: Response - Status: 200 - GET: /api/logs
2023-11-05 20:29:28 info: Response - Status: 200 - GET: /api/logs
2023-11-05 20:29:45 info: Response - Status: 304 - GET: /api/logs
2023-11-05 20:29:45 info: Response - Status: 200 - GET: /api/logs
2023-11-05 20:35:24 info: Response - Status: 304 - GET: /api/logs
2023-11-05 20:36:44 info: Response - Status: 304 - GET: /api/logs
2023-11-05 20:37:51 info: Response - Status: 304 - GET: /api/logs
2023-11-05 20:37:51 info: Response - Status: 304 - GET: /api/logs
2023-11-05 20:38:01 info: Response - Status: 304 - GET: /api/logs
2023-11-05 20:38:09 info: Response - Status: 304 - GET: /api/logs
2023-11-05 20:38:19 info: Response - Status: 304 - GET: /api/logs
2023-11-05 20:38:38 info: Response - Status: 304 - GET: /api/logs
2023-11-05 20:41:14 info: Response - Status: 304 - GET: /api/logs
2023-11-05 20:41:27 info: Response - Status: 304 - GET: /api/logs
2023-11-05 20:41:37 info: Response - Status: 304 - GET: /api/logs
2023-11-05 20:41:37 info: Response - Status: 304 - GET: /api/logs
2023-11-05 23:53:33 info: Response - Status: 304 - GET: /api/logs
2023-11-05 23:53:33 info: Response - Status: 304 - GET: /api/logs
2023-11-08 21:21:48 info: Response - Status: 200 - GET: /api/films
