2023-11-23 01:23:33 info: Response - Status: 200 - POST: /login
2023-11-23 01:41:12 info: Response - Status: 200 - POST: /login
2023-11-23 01:43:51 error: Response - Status: 401 - GET: /api/actors
2023-11-23 01:44:34 info: Response - Status: 200 - POST: /login
2023-11-23 01:51:42 error: Response - Status: 401 - GET: /api/actors
2023-11-23 01:51:45 info: Response - Status: 200 - POST: /login
2023-11-23 01:51:56 info: Response - Status: 200 - GET: /api/actors
2023-11-23 01:56:43 info: Response - Status: 200 - GET: /api/actors
2023-11-23 01:56:45 error: Response - Status: 401 - GET: /api/actors
2023-11-23 01:59:39 error: Response - Status: 403 - POST: /token
2023-11-23 01:59:44 info: Response - Status: 200 - POST: /login
2023-11-23 01:59:54 info: Response - Status: 200 - POST: /login
2023-11-23 02:00:19 info: Response - Status: 200 - GET: /api/actors
2023-11-23 02:00:22 info: Response - Status: 200 - GET: /api/actors
2023-11-23 02:00:31 info: Response - Status: 200 - POST: /token
2023-11-23 02:00:41 info: Response - Status: 200 - GET: /api/actors
2023-11-23 02:00:52 info: Response - Status: 200 - GET: /api/actors
2023-11-23 02:00:53 info: Response - Status: 200 - GET: /api/actors
2023-11-23 02:02:57 info: Response - Status: 200 - POST: /token
2023-11-23 02:05:54 error: Response - Status: 401 - GET: /api/actors
2023-11-23 02:05:58 info: Response - Status: 200 - POST: /token
2023-11-23 02:06:08 info: Response - Status: 200 - GET: /api/actors
2023-11-23 02:10:43 info: Response - Status: 204 - DELETE: /logout
2023-11-23 02:10:46 error: Response - Status: 403 - POST: /token
2023-11-23 02:10:48 error: Response - Status: 403 - POST: /token
2023-11-23 02:11:00 info: Response - Status: 204 - DELETE: /logout
