2023-11-05 01:27:40 info: Response - Status: 200 - GET: /api/logs?level=error
2023-11-05 01:28:02 info: Response - Status: 200 - GET: /api/logs?level=error
2023-11-05 01:46:26 info: Response - Status: 200 - GET: /api/logs/level
2023-11-05 01:46:48 info: Response - Status: 200 - GET: /api/logs/level
2023-11-05 01:48:52 info: Response - Status: 200 - GET: /api/logs/level
2023-11-05 01:49:08 info: Response - Status: 200 - GET: /api/logs/error
2023-11-05 01:49:17 info: Response - Status: 200 - GET: /api/logs/error
2023-11-05 01:49:23 info: Response - Status: 200 - GET: /api/logs/error
2023-11-05 01:52:00 info: Response - Status: 200 - GET: /api/logs
2023-11-05 01:52:01 info: Response - Status: 304 - GET: /api/logs
2023-11-05 01:52:05 info: Response - Status: 304 - GET: /api/logs
2023-11-05 01:52:20 info: Response - Status: 304 - GET: /api/logs
2023-11-05 01:55:55 info: Response - Status: 304 - GET: /api/logs
2023-11-05 01:56:18 info: Response - Status: 200 - GET: /api/logs
2023-11-05 01:56:20 info: Response - Status: 304 - GET: /api/logs
2023-11-05 01:56:21 info: Response - Status: 304 - GET: /api/logs
2023-11-05 01:56:41 error: Response - Status: 404 - GET: /api/logs/error
2023-11-05 01:56:48 info: Response - Status: 200 - GET: /api/logs
2023-11-05 01:57:03 info: Response - Status: 304 - GET: /api/logs
2023-11-05 01:57:05 info: Response - Status: 304 - GET: /api/logs
2023-11-05 01:57:10 info: Response - Status: 200 - GET: /api/logs
2023-11-05 01:57:37 info: Response - Status: 304 - GET: /api/logs
2023-11-05 01:58:40 info: Response - Status: 304 - GET: /api/logs
2023-11-05 01:58:41 info: Response - Status: 304 - GET: /api/logs
2023-11-05 01:58:42 info: Response - Status: 304 - GET: /api/logs
2023-11-05 01:58:59 info: Response - Status: 304 - GET: /api/logs
2023-11-05 01:59:12 info: Response - Status: 304 - GET: /api/logs
2023-11-05 01:59:38 info: Response - Status: 304 - GET: /api/logs
