2023-11-19 19:36:34 error: Response - Status: 401 - GET: /api/films
2023-11-19 19:36:57 error: Response - Status: 401 - GET: /api/logs
2023-11-19 19:36:57 error: Response - Status: 401 - GET: /api/logs
2023-11-19 19:38:14 error: Response - Status: 401 - GET: /api/films
2023-11-19 19:38:42 info: Response - Status: 200 - GET: /api/films
2023-11-19 22:06:37 info: Response - Status: 200 - GET: /api/logs
2023-11-19 22:06:37 info: Response - Status: 304 - GET: /api/logs
2023-11-19 22:10:29 info: Response - Status: 200 - GET: /api/films
2023-11-19 22:10:54 error: Response - Status: 401 - GET: /api/films
2023-11-19 22:11:01 error: Response - Status: 401 - GET: /api/films
2023-11-19 22:32:42 error: Response - Status: 401 - GET: /api/films
2023-11-19 22:32:48 error: Response - Status: 401 - GET: /api/films
2023-11-19 22:32:53 info: Response - Status: 200 - GET: /api/actors
2023-11-19 23:30:38 error: Response - Status: 404 - POST: /api/auth/login
2023-11-19 23:32:45 error: Response - Status: 404 - POST: /api/auth/login
2023-11-19 23:40:59 error: Response - Status: 401 - POST: /api/auth/login
2023-11-19 23:41:08 error: Response - Status: 401 - POST: /api/auth/login
2023-11-19 23:41:51 error: Response - Status: 401 - POST: /api/auth/login
2023-11-19 23:46:16 info: Response - Status: 200 - POST: /api/auth/login
2023-11-19 23:46:58 info: Response - Status: 200 - GET: /api/actors
2023-11-19 23:47:02 error: Response - Status: 401 - GET: /api/films
2023-11-19 23:47:33 error: Response - Status: 401 - GET: /api/films
2023-11-19 23:50:54 info: Response - Status: 200 - POST: /api/auth/login
2023-11-19 23:50:57 error: Response - Status: 401 - GET: /api/films
2023-11-19 23:52:10 info: Response - Status: 200 - POST: /api/auth/login
