2023-11-20 00:02:39 info: Response - Status: 200 - POST: /api/auth/login
2023-11-20 00:03:45 info: Response - Status: 200 - GET: /api/actors
2023-11-20 00:04:00 info: Response - Status: 200 - POST: /api/auth/login
2023-11-20 00:04:00 info: Response - Status: 304 - GET: /api/actors
2023-11-20 00:04:00 info: Response - Status: 304 - GET: /api/actors
2023-11-20 00:04:42 info: Response - Status: 304 - GET: /api/actors
2023-11-20 00:05:20 info: Response - Status: 304 - GET: /api/actors
2023-11-20 00:23:10 error: Response - Status: 401 - GET: /api/actors
2023-11-20 00:32:16 error: Response - Status: 401 - GET: /api/actors
2023-11-20 00:41:29 info: Response - Status: 200 - POST: /api/auth/login
2023-11-20 00:42:21 error: Response - Status: 401 - GET: /api/actors
2023-11-20 00:42:28 info: Response - Status: 200 - GET: /api/actors
2023-11-20 00:49:29 info: Response - Status: 200 - GET: /api/actors
2023-11-20 00:50:35 info: Response - Status: 200 - POST: /api/auth/login
2023-11-20 00:50:49 info: Response - Status: 200 - GET: /api/actors
2023-11-20 00:51:22 info: Response - Status: 200 - GET: /api/actors
2023-11-20 00:53:48 info: Response - Status: 200 - POST: /api/auth/login
2023-11-20 00:53:51 error: Response - Status: 401 - GET: /api/actors
2023-11-20 00:54:03 info: Response - Status: 200 - GET: /api/actors
2023-11-20 00:55:56 info: Response - Status: 200 - GET: /api/actors
2023-11-20 01:00:29 info: Response - Status: 200 - GET: /api/actors
2023-11-20 01:00:32 info: Response - Status: 200 - POST: /api/auth/login
2023-11-20 01:00:42 info: Response - Status: 200 - GET: /api/actors
2023-11-20 01:21:53 info: Response - Status: 200 - POST: /api/auth/login
2023-11-20 01:22:08 error: Response - Status: 500 - POST: /login
2023-11-20 01:23:32 error: Response - Status: 500 - POST: /login
2023-11-20 01:24:10 info: Response - Status: 200 - POST: /login
2023-11-20 01:24:37 error: Response - Status: 401 - GET: /api/actors
2023-11-20 01:24:58 error: Response - Status: 401 - GET: /api/actors
2023-11-20 01:24:59 error: Response - Status: 404 - GET: /favicon.ico
2023-11-20 01:25:04 info: Response - Status: 200 - POST: /login
2023-11-20 01:25:12 info: Response - Status: 200 - GET: /api/actors
2023-11-20 01:25:35 error: Response - Status: 401 - GET: /api/actors
2023-11-20 01:25:37 error: Response - Status: 401 - GET: /api/actors
2023-11-20 01:30:53 info: Response - Status: 200 - POST: /login
2023-11-20 01:38:07 info: Response - Status: 200 - POST: /login
2023-11-20 01:38:27 info: Response - Status: 200 - POST: /login
2023-11-20 01:38:48 error: Response - Status: 401 - GET: /api/actors
2023-11-20 01:38:59 error: Response - Status: 401 - GET: /api/actors
2023-11-20 01:39:00 error: Response - Status: 401 - GET: /api/actors
2023-11-20 01:39:08 info: Response - Status: 200 - POST: /login
2023-11-20 01:39:28 error: Response - Status: 401 - GET: /api/actors
2023-11-20 01:39:58 error: Response - Status: 401 - GET: /api/actors
2023-11-20 01:39:59 error: Response - Status: 401 - GET: /api/actors
2023-11-20 01:39:59 error: Response - Status: 401 - GET: /api/actors
2023-11-20 01:40:01 error: Response - Status: 403 - POST: /token
2023-11-20 01:40:50 info: Response - Status: 200 - POST: /login
2023-11-20 01:41:12 error: Response - Status: 401 - GET: /api/actors
2023-11-20 01:41:23 error: Response - Status: 403 - POST: /token
2023-11-20 01:43:33 info: Response - Status: 200 - POST: /login
2023-11-20 01:46:40 info: Response - Status: 200 - POST: /login
2023-11-20 01:46:42 info: Response - Status: 200 - POST: /login
2023-11-20 01:46:52 info: Response - Status: 200 - GET: /api/actors
2023-11-20 01:47:01 info: Response - Status: 200 - POST: /login
2023-11-20 01:47:20 error: Response - Status: 401 - GET: /api/actors
2023-11-20 01:47:38 info: Response - Status: 200 - POST: /login
2023-11-20 01:47:56 info: Response - Status: 200 - GET: /api/actors
2023-11-20 01:48:00 info: Response - Status: 200 - GET: /api/actors
2023-11-20 01:48:01 info: Response - Status: 200 - GET: /api/actors
2023-11-20 01:48:02 info: Response - Status: 200 - GET: /api/actors
2023-11-20 01:48:02 info: Response - Status: 200 - GET: /api/actors
2023-11-20 01:48:04 info: Response - Status: 200 - GET: /api/actors
2023-11-20 01:48:05 info: Response - Status: 200 - GET: /api/actors
2023-11-20 01:48:06 info: Response - Status: 200 - GET: /api/actors
2023-11-20 01:48:06 info: Response - Status: 200 - GET: /api/actors
2023-11-20 01:48:08 info: Response - Status: 200 - GET: /api/actors
2023-11-20 01:48:09 info: Response - Status: 200 - GET: /api/actors
2023-11-20 01:48:10 info: Response - Status: 200 - GET: /api/actors
2023-11-20 01:48:11 info: Response - Status: 200 - GET: /api/actors
2023-11-20 01:48:12 info: Response - Status: 200 - GET: /api/actors
2023-11-20 01:48:13 info: Response - Status: 200 - GET: /api/actors
2023-11-20 01:48:14 info: Response - Status: 200 - GET: /api/actors
2023-11-20 01:49:08 error: Response - Status: 401 - GET: /api/actors
2023-11-20 01:49:21 info: Response - Status: 200 - POST: /token
2023-11-20 01:49:32 info: Response - Status: 200 - GET: /api/actors
2023-11-20 01:55:31 info: Response - Status: 200 - POST: /login
2023-11-20 01:55:52 info: Response - Status: 200 - GET: /api/actors
2023-11-20 01:55:56 info: Response - Status: 200 - GET: /api/actors
2023-11-20 01:55:56 info: Response - Status: 200 - GET: /api/actors
2023-11-20 01:55:58 info: Response - Status: 204 - DELETE: /logout
2023-11-20 01:56:02 info: Response - Status: 200 - POST: /token
2023-11-20 01:56:06 info: Response - Status: 200 - POST: /token
2023-11-20 01:56:06 info: Response - Status: 200 - POST: /token
2023-11-20 01:56:33 info: Response - Status: 200 - POST: /login
2023-11-20 01:57:09 info: Response - Status: 200 - GET: /api/actors
2023-11-20 01:57:10 info: Response - Status: 200 - GET: /api/actors
2023-11-20 01:57:10 info: Response - Status: 200 - GET: /api/actors
2023-11-20 01:57:13 info: Response - Status: 204 - DELETE: /logout
2023-11-20 01:57:15 info: Response - Status: 200 - POST: /token
2023-11-20 01:57:15 info: Response - Status: 200 - POST: /token
2023-11-20 01:57:18 info: Response - Status: 200 - POST: /token
2023-11-20 01:57:34 info: Response - Status: 200 - GET: /api/actors
2023-11-20 01:57:35 info: Response - Status: 200 - GET: /api/actors
2023-11-20 01:58:00 info: Response - Status: 204 - DELETE: /logout
2023-11-20 01:58:00 info: Response - Status: 204 - DELETE: /logout
2023-11-20 01:58:03 info: Response - Status: 200 - POST: /token
2023-11-20 01:58:04 info: Response - Status: 200 - POST: /token
2023-11-20 01:58:07 info: Response - Status: 204 - DELETE: /logout
2023-11-20 01:58:14 info: Response - Status: 200 - POST: /token
2023-11-20 01:58:14 info: Response - Status: 200 - POST: /token
2023-11-20 01:58:15 info: Response - Status: 200 - POST: /token
2023-11-20 01:58:15 info: Response - Status: 200 - POST: /token
2023-11-20 01:59:55 info: Response - Status: 200 - POST: /login
2023-11-20 02:00:17 info: Response - Status: 200 - GET: /api/actors
2023-11-20 02:00:19 error: Response - Status: 403 - POST: /token
2023-11-20 02:00:26 info: Response - Status: 204 - DELETE: /logout
2023-11-20 02:00:28 info: Response - Status: 200 - POST: /token
2023-11-20 02:01:32 info: Response - Status: 200 - POST: /login
2023-11-20 02:01:56 error: Response - Status: 403 - POST: /token
2023-11-20 02:02:15 info: Response - Status: 204 - DELETE: /logout
2023-11-20 02:02:18 info: Response - Status: 200 - POST: /token
2023-11-20 02:03:04 info: Response - Status: 200 - POST: /login
2023-11-20 02:03:21 info: Response - Status: 200 - GET: /api/actors
2023-11-20 02:03:26 error: Response - Status: 403 - POST: /token
2023-11-20 02:03:31 error: Response - Status: 403 - POST: /token
2023-11-20 02:04:09 info: Response - Status: 200 - POST: /login
2023-11-20 02:04:27 error: Response - Status: 403 - POST: /token
2023-11-20 02:04:32 info: Response - Status: 204 - DELETE: /logout
2023-11-20 02:04:34 info: Response - Status: 200 - POST: /token
2023-11-20 02:04:35 info: Response - Status: 200 - POST: /token
2023-11-20 02:04:35 info: Response - Status: 200 - POST: /token
2023-11-20 02:04:36 info: Response - Status: 200 - POST: /token
2023-11-20 02:04:36 info: Response - Status: 200 - POST: /token
2023-11-20 02:04:37 info: Response - Status: 200 - POST: /token
2023-11-20 02:05:08 info: Response - Status: 200 - POST: /token
2023-11-20 02:05:10 info: Response - Status: 200 - POST: /login
2023-11-20 02:05:19 error: Response - Status: 403 - POST: /token
2023-11-20 02:05:24 info: Response - Status: 200 - POST: /login
2023-11-20 02:05:30 info: Response - Status: 200 - POST: /login
2023-11-20 02:05:47 info: Response - Status: 200 - GET: /api/actors
2023-11-20 02:05:51 info: Response - Status: 200 - GET: /api/actors
2023-11-20 02:05:54 error: Response - Status: 403 - POST: /token
2023-11-20 02:06:37 info: Response - Status: 200 - POST: /login
2023-11-20 02:06:57 info: Response - Status: 200 - GET: /api/actors
2023-11-20 02:07:01 info: Response - Status: 200 - GET: /api/actors
2023-11-20 02:07:07 info: Response - Status: 200 - GET: /api/actors
2023-11-20 02:07:07 info: Response - Status: 200 - GET: /api/actors
2023-11-20 02:07:08 info: Response - Status: 200 - GET: /api/actors
2023-11-20 02:07:08 info: Response - Status: 200 - GET: /api/actors
2023-11-20 02:07:09 info: Response - Status: 200 - GET: /api/actors
2023-11-20 02:07:10 info: Response - Status: 200 - GET: /api/actors
2023-11-20 02:07:11 info: Response - Status: 200 - GET: /api/actors
2023-11-20 02:07:11 info: Response - Status: 200 - GET: /api/actors
2023-11-20 02:07:11 info: Response - Status: 200 - GET: /api/actors
2023-11-20 02:07:11 info: Response - Status: 200 - GET: /api/actors
2023-11-20 02:07:12 info: Response - Status: 200 - GET: /api/actors
2023-11-20 02:07:12 info: Response - Status: 200 - GET: /api/actors
2023-11-20 02:07:12 info: Response - Status: 200 - GET: /api/actors
2023-11-20 02:07:13 info: Response - Status: 200 - GET: /api/actors
2023-11-20 02:07:41 error: Response - Status: 403 - POST: /token
2023-11-20 02:07:44 error: Response - Status: 403 - POST: /token
2023-11-20 02:11:02 info: Response - Status: 200 - POST: /login
2023-11-20 02:11:20 info: Response - Status: 200 - GET: /api/actors
2023-11-20 02:11:35 info: Response - Status: 200 - GET: /api/actors
2023-11-20 02:11:36 info: Response - Status: 200 - GET: /api/actors
2023-11-20 02:11:37 info: Response - Status: 200 - GET: /api/actors
2023-11-20 02:11:43 info: Response - Status: 200 - GET: /api/actors
2023-11-20 02:11:44 info: Response - Status: 200 - GET: /api/actors
2023-11-20 02:11:44 info: Response - Status: 200 - GET: /api/actors
2023-11-20 02:11:55 info: Response - Status: 200 - GET: /api/actors
2023-11-20 02:11:55 info: Response - Status: 200 - GET: /api/actors
2023-11-20 02:12:06 error: Response - Status: 401 - GET: /api/actors
2023-11-20 02:12:10 error: Response - Status: 403 - POST: /token
2023-11-20 02:13:14 info: Response - Status: 200 - POST: /login
2023-11-20 02:13:33 info: Response - Status: 200 - GET: /api/actors
2023-11-20 02:13:34 info: Response - Status: 200 - GET: /api/actors
2023-11-20 02:13:35 info: Response - Status: 200 - GET: /api/actors
2023-11-20 02:14:32 error: Response - Status: 401 - GET: /api/actors
2023-11-20 02:14:35 info: Response - Status: 200 - POST: /token
2023-11-20 02:14:45 info: Response - Status: 200 - GET: /api/actors
2023-11-20 02:14:57 info: Response - Status: 200 - POST: /login
2023-11-20 02:15:13 info: Response - Status: 200 - POST: /token
2023-11-20 02:15:14 info: Response - Status: 200 - POST: /token
2023-11-20 02:15:14 info: Response - Status: 200 - POST: /token
2023-11-20 02:15:15 info: Response - Status: 200 - POST: /token
2023-11-20 02:15:16 info: Response - Status: 200 - POST: /token
2023-11-20 02:15:18 error: Response - Status: 404 - DELETE: /logout
2023-11-20 02:15:29 info: Response - Status: 204 - DELETE: /logout
2023-11-20 02:15:31 error: Response - Status: 403 - POST: /token
2023-11-20 02:15:32 error: Response - Status: 403 - POST: /token
2023-11-20 02:15:32 error: Response - Status: 403 - POST: /token
2023-11-20 02:21:25 info: Response - Status: 204 - DELETE: /logout
2023-11-20 02:21:49 info: Response - Status: 200 - POST: /login
2023-11-20 02:22:17 info: Response - Status: 200 - POST: /token
2023-11-20 02:22:17 info: Response - Status: 200 - POST: /token
2023-11-20 02:22:18 info: Response - Status: 200 - POST: /token
2023-11-20 02:22:21 info: Response - Status: 204 - DELETE: /logout
2023-11-20 02:22:31 error: Response - Status: 403 - POST: /token
